<?xml version="1.0" encoding="UTF-8"?>
<testsuite xmlns:xsi="http://www.w3.org/2001/XMLSchema-instance" xsi:noNamespaceSchemaLocation="https://maven.apache.org/surefire/maven-surefire-plugin/xsd/surefire-test-report.xsd" name="edu.udacity.java.nano.WebIntegrationTests" time="25.262" tests="3" errors="0" skipped="0" failures="0">
  <properties>
[...]
</properties>
  <testcase name="chat" classname="edu.udacity.java.nano.WebIntegrationTests" time="9.794"/>
  <testcase name="leave" classname="edu.udacity.java.nano.WebIntegrationTests" time="3.112"/>
  <testcase name="login" classname="edu.udacity.java.nano.WebIntegrationTests" time="3.032"/>
</testsuite>